<?xml version="1.0" encoding="UTF-8"?>
<!-- Generated by org.testng.reporters.JUnitXMLReporter -->
<testsuite ignored="0" hostname="Ahmed" failures="1" tests="10" name="Command line test" time="33.133" errors="0" timestamp="2024-01-13T13:25:03 PKT">
  <testcase classname="runners.TestRunner" name="@BeforeClass setUpClass" time="0.082">
    <failure type="java.lang.IllegalArgumentException" message="The glue path contained invalid identifiers step-definitions">
      <![CDATA[java.lang.IllegalArgumentException: The glue path contained invalid identifiers step-definitions
at io.cucumber.core.feature.GluePath.parseAssumeClasspathScheme(GluePath.java:87)
at io.cucumber.core.feature.GluePath.parse(GluePath.java:68)
at io.cucumber.core.options.CucumberOptionsAnnotationParser.addGlue(CucumberOptionsAnnotationParser.java:126)
at io.cucumber.core.options.CucumberOptionsAnnotationParser.parse(CucumberOptionsAnnotationParser.java:43)
at io.cucumber.testng.TestNGCucumberRunner.<init>(TestNGCucumberRunner.java:85)
at io.cucumber.testng.TestNGCucumberRunner.<init>(TestNGCucumberRunner.java:65)
at runners.TestRunner.setUpClass(TestRunner.java:20)
at java.base/java.util.ArrayList.forEach(ArrayList.java:1511)
... Removed 31 stack frames]]>
    </failure>
  </testcase> <!-- @BeforeClass setUpClass -->
  <testcase classname="ProductTest" name="@AfterTest close" time="0.032">
    <failure type="org.openqa.selenium.NoSuchSessionException" message="Session ID is null. Using WebDriver after calling quit()?
Build info: version: &amp;apos;4.16.1&amp;apos;, revision: &amp;apos;9b4c83354e&amp;apos;
System info: os.name: &amp;apos;Windows 11&amp;apos;, os.arch: &amp;apos;amd64&amp;apos;, os.version: &amp;apos;10.0&amp;apos;, java.version: &amp;apos;19.0.2&amp;apos;
Driver info: org.openqa.selenium.chrome.ChromeDriver
Command: [null, deleteAllCookies {}]
Capabilities {acceptInsecureCerts: false, browserName: chrome, browserVersion: 120.0.6099.201, chrome: {chromedriverVersion: 120.0.6099.109 (3419140ab66..., userDataDir: C:\Users\USER\AppData\Local...}, fedcm:accounts: true, goog:chromeOptions: {debuggerAddress: localhost:62849}, networkConnectionEnabled: false, pageLoadStrategy: normal, platformName: windows, proxy: Proxy(), se:cdp: ws://localhost:62849/devtoo..., se:cdpVersion: 120.0.6099.201, setWindowRect: true, strictFileInteractability: false, timeouts: {implicit: 0, pageLoad: 300000, script: 30000}, unhandledPromptBehavior: dismiss and notify, webauthn:extension:credBlob: true, webauthn:extension:largeBlob: true, webauthn:extension:minPinLength: true, webauthn:extension:prf: true, webauthn:virtualAuthenticators: true}">
      <![CDATA[org.openqa.selenium.NoSuchSessionException: Session ID is null. Using WebDriver after calling quit()?
Build info: version: '4.16.1', revision: '9b4c83354e'
System info: os.name: 'Windows 11', os.arch: 'amd64', os.version: '10.0', java.version: '19.0.2'
Driver info: org.openqa.selenium.chrome.ChromeDriver
Command: [null, deleteAllCookies {}]
Capabilities {acceptInsecureCerts: false, browserName: chrome, browserVersion: 120.0.6099.201, chrome: {chromedriverVersion: 120.0.6099.109 (3419140ab66..., userDataDir: C:\Users\USER\AppData\Local...}, fedcm:accounts: true, goog:chromeOptions: {debuggerAddress: localhost:62849}, networkConnectionEnabled: false, pageLoadStrategy: normal, platformName: windows, proxy: Proxy(), se:cdp: ws://localhost:62849/devtoo..., se:cdpVersion: 120.0.6099.201, setWindowRect: true, strictFileInteractability: false, timeouts: {implicit: 0, pageLoad: 300000, script: 30000}, unhandledPromptBehavior: dismiss and notify, webauthn:extension:credBlob: true, webauthn:extension:largeBlob: true, webauthn:extension:minPinLength: true, webauthn:extension:prf: true, webauthn:virtualAuthenticators: true}
at org.openqa.selenium.remote.HttpCommandExecutor.execute(HttpCommandExecutor.java:152)
at org.openqa.selenium.remote.service.DriverCommandExecutor.invokeExecute(DriverCommandExecutor.java:200)
at org.openqa.selenium.remote.service.DriverCommandExecutor.execute(DriverCommandExecutor.java:175)
at org.openqa.selenium.remote.RemoteWebDriver.execute(RemoteWebDriver.java:523)
at org.openqa.selenium.remote.RemoteWebDriver.execute(RemoteWebDriver.java:596)
at org.openqa.selenium.remote.RemoteWebDriver.execute(RemoteWebDriver.java:600)
at org.openqa.selenium.remote.RemoteWebDriver$RemoteWebDriverOptions.deleteAllCookies(RemoteWebDriver.java:860)
at Base.TestBase.tearDown(TestBase.java:50)
at ProductTest.close(ProductTest.java:51)
... Removed 30 stack frames]]>
    </failure>
  </testcase> <!-- @AfterTest close -->
  <testcase classname="TestCheckoutProduct" name="@AfterTest close" time="0.0">
    <skipped/>
  </testcase> <!-- @AfterTest close -->
  <testcase classname="TestYourInformationPage" name="@AfterTest close" time="0.0">
    <skipped/>
  </testcase> <!-- @AfterTest close -->
  <testcase classname="LoginTest" name="LoginWithValidCredentials" time="1.055"/>
  <testcase classname="LoginTest" name="LoginWithInValidCredentials" time="0.952"/>
  <testcase classname="ProductTest" name="findProductDescription" time="0.041"/>
  <testcase classname="ProductTest" name="findProductPrice" time="0.037"/>
  <testcase classname="ProductTest" name="addToCart" time="0.226"/>
  <testcase classname="ProductTest" name="cartButton" time="0.187"/>
  <testcase classname="ProductTest" name="findProductTitle" time="0.061"/>
  <testcase classname="runners.TestRunner" name="runScenarios" time="0.0">
    <failure type="java.lang.RuntimeException" message="java.lang.NullPointerException: Cannot invoke &amp;quot;io.cucumber.testng.TestNGCucumberRunner.provideScenarios()&amp;quot; because &amp;quot;this.testNGCucumberRunner&amp;quot; is null">
      <![CDATA[java.lang.RuntimeException: java.lang.NullPointerException: Cannot invoke "io.cucumber.testng.TestNGCucumberRunner.provideScenarios()" because "this.testNGCucumberRunner" is null
at java.base/java.util.ArrayList.forEach(ArrayList.java:1511)
Caused by: java.lang.NullPointerException: Cannot invoke "io.cucumber.testng.TestNGCucumberRunner.provideScenarios()" because "this.testNGCucumberRunner" is null
at runners.TestRunner.scenarios(TestRunner.java:30)
... 33 more
... Removed 38 stack frames]]>
    </failure>
  </testcase> <!-- runScenarios -->
  <testcase classname="TestCheckoutProduct" name="verifyTheUserOnYourCartScreen" time="0.341"/>
  <testcase classname="TestYourInformationPage" name="validOrderData" time="1.55"/>
</testsuite> <!-- Command line test -->
